<?xml version="1.0" encoding="UTF-8"?>
<!-- Generated by org.testng.reporters.JUnitReportReporter -->
<testsuite skipped="0" hostname="DESKTOP-2IEME8E" name="script.ValidLogin" tests="1" failures="0" timestamp="26 Feb 2018 07:45:39 GMT" time="31.000" errors="0">
  <testcase name="testValidLogin" time="31.000" classname="script.ValidLogin"/>
</testsuite> <!-- script.ValidLogin -->
